#
# There is insufficient memory for the Java Runtime Environment to continue.
# Native memory allocation (malloc) failed to allocate 32784 bytes for Chunk::new
# Possible reasons:
#   The system is out of physical RAM or swap space
#   The process is running with CompressedOops enabled, and the Java Heap may be blocking the growth of the native heap
# Possible solutions:
#   Reduce memory load on the system
#   Increase physical memory or swap space
#   Check if swap backing store is full
#   Decrease Java heap size (-Xmx/-Xms)
#   Decrease number of Java threads
#   Decrease Java thread stack sizes (-Xss)
#   Set larger code cache with -XX:ReservedCodeCacheSize=
#   JVM is running with Unscaled Compressed Oops mode in which the Java heap is
#     placed in the first 4GB address space. The Java Heap base address is the
#     maximum limit for the native heap growth. Please use -XX:HeapBaseMinAddress
#     to set the Java Heap base and to place the Java Heap above 4GB virtual address.
# This output file may be truncated or incomplete.
#
#  Out of Memory Error (./open/src/hotspot/share/memory/arena.cpp:197), pid=13052, tid=15304
#
# JRE version: Java(TM) SE Runtime Environment 18.9 (11.0.23+7) (build 11.0.23+7-LTS-222)
# Java VM: Java HotSpot(TM) 64-Bit Server VM 18.9 (11.0.23+7-LTS-222, mixed mode, tiered, compressed oops, g1 gc, windows-amd64)
# No core dump will be written. Minidumps are not enabled by default on client versions of Windows
#

---------------  S U M M A R Y ------------

Command Line: -ea -Didea.test.cyclic.buffer.size=1048576 -javaagent:C:\Program Files\JetBrains\IntelliJ IDEA Community Edition 2023.3.7\lib\idea_rt.jar=55737:C:\Program Files\JetBrains\IntelliJ IDEA Community Edition 2023.3.7\bin -Dfile.encoding=UTF-8 com.intellij.rt.testng.RemoteTestNGStarter -usedefaultlisteners false -socket55736 @w@C:\Users\Agent\AppData\Local\Temp\idea_working_dirs_testng.tmp -temp C:\Users\Agent\AppData\Local\Temp\idea_testng.tmp

Host: Intel(R) Pentium(R) CPU 3550M @ 2.30GHz, 2 cores, 7G,  Windows 10 , 64 bit Build 19041 (10.0.19041.3636)
Time: Mon Jul  8 17:19:37 2024 RTZ 2 (s 10 , 64 bit Build 19041 (10.0.19041.3636) elapsed time: 6.462396 seconds (0d 0h 0m 6s)

---------------  T H R E A D  ---------------

Current thread (0x000001ea40b49800):  JavaThread "C2 CompilerThread0" daemon [_thread_in_native, id=15304, stack(0x000000b540400000,0x000000b540500000)]


Current CompileTask:
C2:   6462 1848       4       java.lang.invoke.MethodType::makeImpl (108 bytes)

Stack: [0x000000b540400000,0x000000b540500000]
Native frames: (J=compiled Java code, j=interpreted, Vv=VM code, C=native code)
V  [jvm.dll+0x65524a]
V  [jvm.dll+0x79646f]
V  [jvm.dll+0x797b39]
V  [jvm.dll+0x7981e3]
V  [jvm.dll+0x254ee5]
V  [jvm.dll+0xb310c]
V  [jvm.dll+0xb371c]
V  [jvm.dll+0xb3224]
V  [jvm.dll+0x67fcc3]
V  [jvm.dll+0x2106af]
V  [jvm.dll+0x20dd04]
V  [jvm.dll+0x18b291]
V  [jvm.dll+0x21def4]
V  [jvm.dll+0x21c21c]
V  [jvm.dll+0x75a5f1]
V  [jvm.dll+0x752ef4]
V  [jvm.dll+0x6540f5]
C  [ucrtbase.dll+0x21bb2]
C  [KERNEL32.DLL+0x17344]
C  [ntdll.dll+0x4cc91]


---------------  P R O C E S S  ---------------

Threads class SMR info:
_java_thread_list=0x000001ea4285ba00, length=24, elements={
0x000001ea23700800, 0x000001ea40b27000, 0x000001ea40b29000, 0x000001ea413b3000,
0x000001ea40b43800, 0x000001ea40b45800, 0x000001ea40b49800, 0x000001ea413f4000,
0x000001ea413f7000, 0x000001ea414f9800, 0x000001ea4157d000, 0x000001ea41f0c800,
0x000001ea41f6d800, 0x000001ea4277e800, 0x000001ea4277a800, 0x000001ea427d1800,
0x000001ea427d4000, 0x000001ea427e1000, 0x000001ea427e2000, 0x000001ea427fd800,
0x000001ea42802800, 0x000001ea42801800, 0x000001ea427fe800, 0x000001ea427ff000
}

Java Threads: ( => current thread )
  0x000001ea23700800 JavaThread "main" [_thread_blocked, id=2792, stack(0x000000b53f800000,0x000000b53f900000)]
  0x000001ea40b27000 JavaThread "Reference Handler" daemon [_thread_blocked, id=8156, stack(0x000000b53ff00000,0x000000b540000000)]
  0x000001ea40b29000 JavaThread "Finalizer" daemon [_thread_blocked, id=10524, stack(0x000000b540000000,0x000000b540100000)]
  0x000001ea413b3000 JavaThread "Signal Dispatcher" daemon [_thread_blocked, id=9184, stack(0x000000b540100000,0x000000b540200000)]
  0x000001ea40b43800 JavaThread "Attach Listener" daemon [_thread_blocked, id=11600, stack(0x000000b540200000,0x000000b540300000)]
  0x000001ea40b45800 JavaThread "Service Thread" daemon [_thread_blocked, id=892, stack(0x000000b540300000,0x000000b540400000)]
=>0x000001ea40b49800 JavaThread "C2 CompilerThread0" daemon [_thread_in_native, id=15304, stack(0x000000b540400000,0x000000b540500000)]
  0x000001ea413f4000 JavaThread "C1 CompilerThread0" daemon [_thread_blocked, id=4352, stack(0x000000b540500000,0x000000b540600000)]
  0x000001ea413f7000 JavaThread "Sweeper thread" daemon [_thread_blocked, id=15140, stack(0x000000b540600000,0x000000b540700000)]
  0x000001ea414f9800 JavaThread "Common-Cleaner" daemon [_thread_blocked, id=3896, stack(0x000000b540700000,0x000000b540800000)]
  0x000001ea4157d000 JavaThread "Monitor Ctrl-Break" daemon [_thread_in_native, id=6240, stack(0x000000b540800000,0x000000b540900000)]
  0x000001ea41f0c800 JavaThread "ForkJoinPool.commonPool-worker-3" daemon [_thread_blocked, id=932, stack(0x000000b540b00000,0x000000b540c00000)]
  0x000001ea41f6d800 JavaThread "HttpClient-1-SelectorManager" daemon [_thread_in_native, id=10792, stack(0x000000b540c00000,0x000000b540d00000)]
  0x000001ea4277e800 JavaThread "External Process Output Forwarder - C:\Users\Agent\.cache\selenium\chromedriver\win64\126.0.6478.126\chromedriver.exe" daemon [_thread_in_native, id=11220, stack(0x000000b540d00000,0x000000b540e00000)]
  0x000001ea4277a800 JavaThread "Driver Service Executor" daemon [_thread_blocked, id=10260, stack(0x000000b540e00000,0x000000b540f00000)]
  0x000001ea427d1800 JavaThread "Driver Service Executor" daemon [_thread_in_native, id=12592, stack(0x000000b540f00000,0x000000b541000000)]
  0x000001ea427d4000 JavaThread "UrlChecker-2" daemon [_thread_blocked, id=3164, stack(0x000000b541000000,0x000000b541100000)]
  0x000001ea427e1000 JavaThread "Keep-Alive-Timer" daemon [_thread_blocked, id=11656, stack(0x000000b541200000,0x000000b541300000)]
  0x000001ea427e2000 JavaThread "JdkHttpClient-0-0" daemon [_thread_blocked, id=14968, stack(0x000000b541300000,0x000000b541400000)]
  0x000001ea427fd800 JavaThread "JdkHttpClient-0-1" daemon [_thread_blocked, id=2664, stack(0x000000b541400000,0x000000b541500000)]
  0x000001ea42802800 JavaThread "JdkHttpClient-0-2" daemon [_thread_blocked, id=8028, stack(0x000000b541500000,0x000000b541600000)]
  0x000001ea42801800 JavaThread "HttpClient-2-SelectorManager" daemon [_thread_in_native, id=13096, stack(0x000000b541600000,0x000000b541700000)]
  0x000001ea427fe800 JavaThread "JdkHttpClient-1-0" daemon [_thread_blocked, id=12088, stack(0x000000b541700000,0x000000b541800000)]
  0x000001ea427ff000 JavaThread "JdkHttpClient-1-1" daemon [_thread_in_vm, id=2588, stack(0x000000b541800000,0x000000b541900000)]

Other Threads:
  0x000001ea40b04800 VMThread "VM Thread" [stack: 0x000000b53fe00000,0x000000b53ff00000] [id=14136]
  0x000001ea4157f800 WatcherThread [stack: 0x000000b540900000,0x000000b540a00000] [id=356]
  0x000001ea23715800 GCTaskThread "GC Thread#0" [stack: 0x000000b53f900000,0x000000b53fa00000] [id=12780]
  0x000001ea41894800 GCTaskThread "GC Thread#1" [stack: 0x000000b540a00000,0x000000b540b00000] [id=13488]
  0x000001ea2172e000 ConcurrentGCThread "G1 Main Marker" [stack: 0x000000b53fa00000,0x000000b53fb00000] [id=9152]
  0x000001ea23742000 ConcurrentGCThread "G1 Conc#0" [stack: 0x000000b53fb00000,0x000000b53fc00000] [id=10660]
  0x000001ea237c9800 ConcurrentGCThread "G1 Refine#0" [stack: 0x000000b53fc00000,0x000000b53fd00000] [id=1192]
  0x000001ea237cb000 ConcurrentGCThread "G1 Young RemSet Sampling" [stack: 0x000000b53fd00000,0x000000b53fe00000] [id=6264]

Threads with active compile tasks:
C2 CompilerThread0     6840 1848       4       java.lang.invoke.MethodType::makeImpl (108 bytes)

VM state:not at safepoint (normal execution)

VM Mutex/Monitor currently owned by a thread: None

Heap address: 0x0000000081200000, size: 2030 MB, Compressed Oops mode: 32-bit
Narrow klass base: 0x0000000000000000, Narrow klass shift: 3
Compressed class space size: 1073741824 Address: 0x0000000100000000

Heap:
 garbage-first heap   total 131072K, used 11911K [0x0000000081200000, 0x0000000100000000)
  region size 1024K, 9 young (9216K), 3 survivors (3072K)
 Metaspace       used 22196K, capacity 23005K, committed 23040K, reserved 1069056K
  class space    used 2440K, capacity 2816K, committed 2816K, reserved 1048576K
Heap Regions: E=young(eden), S=young(survivor), O=old, HS=humongous(starts), HC=humongous(continues), CS=collection set, F=free, A=archive, TAMS=top-at-mark-start (previous, next)
|   0|0x0000000081200000, 0x0000000081300000, 0x0000000081300000|100%| O|  |TAMS 0x0000000081300000, 0x0000000081200000| Untracked 
|   1|0x0000000081300000, 0x0000000081400000, 0x0000000081400000|100%| O|  |TAMS 0x0000000081400000, 0x0000000081300000| Untracked 
|   2|0x0000000081400000, 0x0000000081500000, 0x0000000081500000|100%| O|  |TAMS 0x0000000081500000, 0x0000000081400000| Untracked 
|   3|0x0000000081500000, 0x0000000081600000, 0x0000000081600000|100%| O|  |TAMS 0x0000000081600000, 0x0000000081500000| Untracked 
|   4|0x0000000081600000, 0x0000000081616a00, 0x0000000081700000|  8%| O|  |TAMS 0x0000000081616a00, 0x0000000081600000| Untracked 
|   5|0x0000000081700000, 0x0000000081700000, 0x0000000081800000|  0%| F|  |TAMS 0x0000000081700000, 0x0000000081700000| Untracked 
|   6|0x0000000081800000, 0x0000000081800000, 0x0000000081900000|  0%| F|  |TAMS 0x0000000081800000, 0x0000000081800000| Untracked 
|   7|0x0000000081900000, 0x0000000081900000, 0x0000000081a00000|  0%| F|  |TAMS 0x0000000081900000, 0x0000000081900000| Untracked 
|   8|0x0000000081a00000, 0x0000000081a00000, 0x0000000081b00000|  0%| F|  |TAMS 0x0000000081a00000, 0x0000000081a00000| Untracked 
|   9|0x0000000081b00000, 0x0000000081b00000, 0x0000000081c00000|  0%| F|  |TAMS 0x0000000081b00000, 0x0000000081b00000| Untracked 
|  10|0x0000000081c00000, 0x0000000081c00000, 0x0000000081d00000|  0%| F|  |TAMS 0x0000000081c00000, 0x0000000081c00000| Untracked 
|  11|0x0000000081d00000, 0x0000000081d00000, 0x0000000081e00000|  0%| F|  |TAMS 0x0000000081d00000, 0x0000000081d00000| Untracked 
|  12|0x0000000081e00000, 0x0000000081e00000, 0x0000000081f00000|  0%| F|  |TAMS 0x0000000081e00000, 0x0000000081e00000| Untracked 
|  13|0x0000000081f00000, 0x0000000081f00000, 0x0000000082000000|  0%| F|  |TAMS 0x0000000081f00000, 0x0000000081f00000| Untracked 
|  14|0x0000000082000000, 0x0000000082000000, 0x0000000082100000|  0%| F|  |TAMS 0x0000000082000000, 0x0000000082000000| Untracked 
|  15|0x0000000082100000, 0x0000000082100000, 0x0000000082200000|  0%| F|  |TAMS 0x0000000082100000, 0x0000000082100000| Untracked 
|  16|0x0000000082200000, 0x0000000082200000, 0x0000000082300000|  0%| F|  |TAMS 0x0000000082200000, 0x0000000082200000| Untracked 
|  17|0x0000000082300000, 0x0000000082300000, 0x0000000082400000|  0%| F|  |TAMS 0x0000000082300000, 0x0000000082300000| Untracked 
|  18|0x0000000082400000, 0x0000000082400000, 0x0000000082500000|  0%| F|  |TAMS 0x0000000082400000, 0x0000000082400000| Untracked 
|  19|0x0000000082500000, 0x0000000082500000, 0x0000000082600000|  0%| F|  |TAMS 0x0000000082500000, 0x0000000082500000| Untracked 
|  20|0x0000000082600000, 0x0000000082600000, 0x0000000082700000|  0%| F|  |TAMS 0x0000000082600000, 0x0000000082600000| Untracked 
|  21|0x0000000082700000, 0x0000000082700000, 0x0000000082800000|  0%| F|  |TAMS 0x0000000082700000, 0x0000000082700000| Untracked 
|  22|0x0000000082800000, 0x0000000082800000, 0x0000000082900000|  0%| F|  |TAMS 0x0000000082800000, 0x0000000082800000| Untracked 
|  23|0x0000000082900000, 0x0000000082900000, 0x0000000082a00000|  0%| F|  |TAMS 0x0000000082900000, 0x0000000082900000| Untracked 
|  24|0x0000000082a00000, 0x0000000082a00000, 0x0000000082b00000|  0%| F|  |TAMS 0x0000000082a00000, 0x0000000082a00000| Untracked 
|  25|0x0000000082b00000, 0x0000000082b00000, 0x0000000082c00000|  0%| F|  |TAMS 0x0000000082b00000, 0x0000000082b00000| Untracked 
|  26|0x0000000082c00000, 0x0000000082c00000, 0x0000000082d00000|  0%| F|  |TAMS 0x0000000082c00000, 0x0000000082c00000| Untracked 
|  27|0x0000000082d00000, 0x0000000082d00000, 0x0000000082e00000|  0%| F|  |TAMS 0x0000000082d00000, 0x0000000082d00000| Untracked 
|  28|0x0000000082e00000, 0x0000000082e00000, 0x0000000082f00000|  0%| F|  |TAMS 0x0000000082e00000, 0x0000000082e00000| Untracked 
|  29|0x0000000082f00000, 0x0000000082f00000, 0x0000000083000000|  0%| F|  |TAMS 0x0000000082f00000, 0x0000000082f00000| Untracked 
|  30|0x0000000083000000, 0x0000000083000000, 0x0000000083100000|  0%| F|  |TAMS 0x0000000083000000, 0x0000000083000000| Untracked 
|  31|0x0000000083100000, 0x0000000083100000, 0x0000000083200000|  0%| F|  |TAMS 0x0000000083100000, 0x0000000083100000| Untracked 
|  32|0x0000000083200000, 0x0000000083200000, 0x0000000083300000|  0%| F|  |TAMS 0x0000000083200000, 0x0000000083200000| Untracked 
|  33|0x0000000083300000, 0x0000000083300000, 0x0000000083400000|  0%| F|  |TAMS 0x0000000083300000, 0x0000000083300000| Untracked 
|  34|0x0000000083400000, 0x0000000083400000, 0x0000000083500000|  0%| F|  |TAMS 0x0000000083400000, 0x0000000083400000| Untracked 
|  35|0x0000000083500000, 0x0000000083500000, 0x0000000083600000|  0%| F|  |TAMS 0x0000000083500000, 0x0000000083500000| Untracked 
|  36|0x0000000083600000, 0x0000000083600000, 0x0000000083700000|  0%| F|  |TAMS 0x0000000083600000, 0x0000000083600000| Untracked 
|  37|0x0000000083700000, 0x0000000083700000, 0x0000000083800000|  0%| F|  |TAMS 0x0000000083700000, 0x0000000083700000| Untracked 
|  38|0x0000000083800000, 0x0000000083800000, 0x0000000083900000|  0%| F|  |TAMS 0x0000000083800000, 0x0000000083800000| Untracked 
|  39|0x0000000083900000, 0x0000000083900000, 0x0000000083a00000|  0%| F|  |TAMS 0x0000000083900000, 0x0000000083900000| Untracked 
|  40|0x0000000083a00000, 0x0000000083a00000, 0x0000000083b00000|  0%| F|  |TAMS 0x0000000083a00000, 0x0000000083a00000| Untracked 
|  41|0x0000000083b00000, 0x0000000083b00000, 0x0000000083c00000|  0%| F|  |TAMS 0x0000000083b00000, 0x0000000083b00000| Untracked 
|  42|0x0000000083c00000, 0x0000000083c00000, 0x0000000083d00000|  0%| F|  |TAMS 0x0000000083c00000, 0x0000000083c00000| Untracked 
|  43|0x0000000083d00000, 0x0000000083d00000, 0x0000000083e00000|  0%| F|  |TAMS 0x0000000083d00000, 0x0000000083d00000| Untracked 
|  44|0x0000000083e00000, 0x0000000083e00000, 0x0000000083f00000|  0%| F|  |TAMS 0x0000000083e00000, 0x0000000083e00000| Untracked 
|  45|0x0000000083f00000, 0x0000000083f00000, 0x0000000084000000|  0%| F|  |TAMS 0x0000000083f00000, 0x0000000083f00000| Untracked 
|  46|0x0000000084000000, 0x0000000084000000, 0x0000000084100000|  0%| F|  |TAMS 0x0000000084000000, 0x0000000084000000| Untracked 
|  47|0x0000000084100000, 0x0000000084100000, 0x0000000084200000|  0%| F|  |TAMS 0x0000000084100000, 0x0000000084100000| Untracked 
|  48|0x0000000084200000, 0x0000000084200000, 0x0000000084300000|  0%| F|  |TAMS 0x0000000084200000, 0x0000000084200000| Untracked 
|  49|0x0000000084300000, 0x0000000084300000, 0x0000000084400000|  0%| F|  |TAMS 0x0000000084300000, 0x0000000084300000| Untracked 
|  50|0x0000000084400000, 0x0000000084400000, 0x0000000084500000|  0%| F|  |TAMS 0x0000000084400000, 0x0000000084400000| Untracked 
|  51|0x0000000084500000, 0x0000000084500000, 0x0000000084600000|  0%| F|  |TAMS 0x0000000084500000, 0x0000000084500000| Untracked 
|  52|0x0000000084600000, 0x0000000084600000, 0x0000000084700000|  0%| F|  |TAMS 0x0000000084600000, 0x0000000084600000| Untracked 
|  53|0x0000000084700000, 0x0000000084700000, 0x0000000084800000|  0%| F|  |TAMS 0x0000000084700000, 0x0000000084700000| Untracked 
|  54|0x0000000084800000, 0x0000000084800000, 0x0000000084900000|  0%| F|  |TAMS 0x0000000084800000, 0x0000000084800000| Untracked 
|  55|0x0000000084900000, 0x0000000084900000, 0x0000000084a00000|  0%| F|  |TAMS 0x0000000084900000, 0x0000000084900000| Untracked 
|  56|0x0000000084a00000, 0x0000000084a00000, 0x0000000084b00000|  0%| F|  |TAMS 0x0000000084a00000, 0x0000000084a00000| Untracked 
|  57|0x0000000084b00000, 0x0000000084b00000, 0x0000000084c00000|  0%| F|  |TAMS 0x0000000084b00000, 0x0000000084b00000| Untracked 
|  58|0x0000000084c00000, 0x0000000084c00000, 0x0000000084d00000|  0%| F|  |TAMS 0x0000000084c00000, 0x0000000084c00000| Untracked 
|  59|0x0000000084d00000, 0x0000000084d00000, 0x0000000084e00000|  0%| F|  |TAMS 0x0000000084d00000, 0x0000000084d00000| Untracked 
|  60|0x0000000084e00000, 0x0000000084e00000, 0x0000000084f00000|  0%| F|  |TAMS 0x0000000084e00000, 0x0000000084e00000| Untracked 
|  61|0x0000000084f00000, 0x0000000084f00000, 0x0000000085000000|  0%| F|  |TAMS 0x0000000084f00000, 0x0000000084f00000| Untracked 
|  62|0x0000000085000000, 0x0000000085000000, 0x0000000085100000|  0%| F|  |TAMS 0x0000000085000000, 0x0000000085000000| Untracked 
|  63|0x0000000085100000, 0x0000000085100000, 0x0000000085200000|  0%| F|  |TAMS 0x0000000085100000, 0x0000000085100000| Untracked 
|  64|0x0000000085200000, 0x0000000085200000, 0x0000000085300000|  0%| F|  |TAMS 0x0000000085200000, 0x0000000085200000| Untracked 
|  65|0x0000000085300000, 0x0000000085300000, 0x0000000085400000|  0%| F|  |TAMS 0x0000000085300000, 0x0000000085300000| Untracked 
|  66|0x0000000085400000, 0x0000000085400000, 0x0000000085500000|  0%| F|  |TAMS 0x0000000085400000, 0x0000000085400000| Untracked 
|  67|0x0000000085500000, 0x0000000085500000, 0x0000000085600000|  0%| F|  |TAMS 0x0000000085500000, 0x0000000085500000| Untracked 
|  68|0x0000000085600000, 0x0000000085600000, 0x0000000085700000|  0%| F|  |TAMS 0x0000000085600000, 0x0000000085600000| Untracked 
|  69|0x0000000085700000, 0x0000000085700000, 0x0000000085800000|  0%| F|  |TAMS 0x0000000085700000, 0x0000000085700000| Untracked 
|  70|0x0000000085800000, 0x0000000085800000, 0x0000000085900000|  0%| F|  |TAMS 0x0000000085800000, 0x0000000085800000| Untracked 
|  71|0x0000000085900000, 0x0000000085900000, 0x0000000085a00000|  0%| F|  |TAMS 0x0000000085900000, 0x0000000085900000| Untracked 
|  72|0x0000000085a00000, 0x0000000085a00000, 0x0000000085b00000|  0%| F|  |TAMS 0x0000000085a00000, 0x0000000085a00000| Untracked 
|  73|0x0000000085b00000, 0x0000000085b00000, 0x0000000085c00000|  0%| F|  |TAMS 0x0000000085b00000, 0x0000000085b00000| Untracked 
|  74|0x0000000085c00000, 0x0000000085c00000, 0x0000000085d00000|  0%| F|  |TAMS 0x0000000085c00000, 0x0000000085c00000| Untracked 
|  75|0x0000000085d00000, 0x0000000085d00000, 0x0000000085e00000|  0%| F|  |TAMS 0x0000000085d00000, 0x0000000085d00000| Untracked 
|  76|0x0000000085e00000, 0x0000000085e00000, 0x0000000085f00000|  0%| F|  |TAMS 0x0000000085e00000, 0x0000000085e00000| Untracked 
|  77|0x0000000085f00000, 0x0000000085f00000, 0x0000000086000000|  0%| F|  |TAMS 0x0000000085f00000, 0x0000000085f00000| Untracked 
|  78|0x0000000086000000, 0x0000000086000000, 0x0000000086100000|  0%| F|  |TAMS 0x0000000086000000, 0x0000000086000000| Untracked 
|  79|0x0000000086100000, 0x0000000086100000, 0x0000000086200000|  0%| F|  |TAMS 0x0000000086100000, 0x0000000086100000| Untracked 
|  80|0x0000000086200000, 0x0000000086200000, 0x0000000086300000|  0%| F|  |TAMS 0x0000000086200000, 0x0000000086200000| Untracked 
|  81|0x0000000086300000, 0x0000000086300000, 0x0000000086400000|  0%| F|  |TAMS 0x0000000086300000, 0x0000000086300000| Untracked 
|  82|0x0000000086400000, 0x0000000086400000, 0x0000000086500000|  0%| F|  |TAMS 0x0000000086400000, 0x0000000086400000| Untracked 
|  83|0x0000000086500000, 0x0000000086500000, 0x0000000086600000|  0%| F|  |TAMS 0x0000000086500000, 0x0000000086500000| Untracked 
|  84|0x0000000086600000, 0x0000000086600000, 0x0000000086700000|  0%| F|  |TAMS 0x0000000086600000, 0x0000000086600000| Untracked 
|  85|0x0000000086700000, 0x0000000086700000, 0x0000000086800000|  0%| F|  |TAMS 0x0000000086700000, 0x0000000086700000| Untracked 
|  86|0x0000000086800000, 0x0000000086800000, 0x0000000086900000|  0%| F|  |TAMS 0x0000000086800000, 0x0000000086800000| Untracked 
|  87|0x0000000086900000, 0x0000000086900000, 0x0000000086a00000|  0%| F|  |TAMS 0x0000000086900000, 0x0000000086900000| Untracked 
|  88|0x0000000086a00000, 0x0000000086a00000, 0x0000000086b00000|  0%| F|  |TAMS 0x0000000086a00000, 0x0000000086a00000| Untracked 
|  89|0x0000000086b00000, 0x0000000086b00000, 0x0000000086c00000|  0%| F|  |TAMS 0x0000000086b00000, 0x0000000086b00000| Untracked 
|  90|0x0000000086c00000, 0x0000000086c00000, 0x0000000086d00000|  0%| F|  |TAMS 0x0000000086c00000, 0x0000000086c00000| Untracked 
|  91|0x0000000086d00000, 0x0000000086d00000, 0x0000000086e00000|  0%| F|  |TAMS 0x0000000086d00000, 0x0000000086d00000| Untracked 
|  92|0x0000000086e00000, 0x0000000086e00000, 0x0000000086f00000|  0%| F|  |TAMS 0x0000000086e00000, 0x0000000086e00000| Untracked 
|  93|0x0000000086f00000, 0x0000000086f00000, 0x0000000087000000|  0%| F|  |TAMS 0x0000000086f00000, 0x0000000086f00000| Untracked 
|  94|0x0000000087000000, 0x0000000087000000, 0x0000000087100000|  0%| F|  |TAMS 0x0000000087000000, 0x0000000087000000| Untracked 
|  95|0x0000000087100000, 0x0000000087100000, 0x0000000087200000|  0%| F|  |TAMS 0x0000000087100000, 0x0000000087100000| Untracked 
|  96|0x0000000087200000, 0x0000000087200000, 0x0000000087300000|  0%| F|  |TAMS 0x0000000087200000, 0x0000000087200000| Untracked 
|  97|0x0000000087300000, 0x0000000087300000, 0x0000000087400000|  0%| F|  |TAMS 0x0000000087300000, 0x0000000087300000| Untracked 
|  98|0x0000000087400000, 0x0000000087400000, 0x0000000087500000|  0%| F|  |TAMS 0x0000000087400000, 0x0000000087400000| Untracked 
|  99|0x0000000087500000, 0x0000000087500000, 0x0000000087600000|  0%| F|  |TAMS 0x0000000087500000, 0x0000000087500000| Untracked 
| 100|0x0000000087600000, 0x0000000087600000, 0x0000000087700000|  0%| F|  |TAMS 0x0000000087600000, 0x0000000087600000| Untracked 
| 101|0x0000000087700000, 0x0000000087700000, 0x0000000087800000|  0%| F|  |TAMS 0x0000000087700000, 0x0000000087700000| Untracked 
| 102|0x0000000087800000, 0x0000000087800000, 0x0000000087900000|  0%| F|  |TAMS 0x0000000087800000, 0x0000000087800000| Untracked 
| 103|0x0000000087900000, 0x0000000087900000, 0x0000000087a00000|  0%| F|  |TAMS 0x0000000087900000, 0x0000000087900000| Untracked 
| 104|0x0000000087a00000, 0x0000000087a00000, 0x0000000087b00000|  0%| F|  |TAMS 0x0000000087a00000, 0x0000000087a00000| Untracked 
| 105|0x0000000087b00000, 0x0000000087b00000, 0x0000000087c00000|  0%| F|  |TAMS 0x0000000087b00000, 0x0000000087b00000| Untracked 
| 106|0x0000000087c00000, 0x0000000087c00000, 0x0000000087d00000|  0%| F|  |TAMS 0x0000000087c00000, 0x0000000087c00000| Untracked 
| 107|0x0000000087d00000, 0x0000000087d00000, 0x0000000087e00000|  0%| F|  |TAMS 0x0000000087d00000, 0x0000000087d00000| Untracked 
| 108|0x0000000087e00000, 0x0000000087e00000, 0x0000000087f00000|  0%| F|  |TAMS 0x0000000087e00000, 0x0000000087e00000| Untracked 
| 109|0x0000000087f00000, 0x0000000087f8b580, 0x0000000088000000| 54%| S|CS|TAMS 0x0000000087f00000, 0x0000000087f00000| Complete 
| 110|0x0000000088000000, 0x0000000088100000, 0x0000000088100000|100%| S|CS|TAMS 0x0000000088000000, 0x0000000088000000| Complete 
| 111|0x0000000088100000, 0x0000000088200000, 0x0000000088200000|100%| S|CS|TAMS 0x0000000088100000, 0x0000000088100000| Complete 
| 112|0x0000000088200000, 0x0000000088200000, 0x0000000088300000|  0%| F|  |TAMS 0x0000000088200000, 0x0000000088200000| Untracked 
| 113|0x0000000088300000, 0x0000000088300000, 0x0000000088400000|  0%| F|  |TAMS 0x0000000088300000, 0x0000000088300000| Untracked 
| 114|0x0000000088400000, 0x0000000088400000, 0x0000000088500000|  0%| F|  |TAMS 0x0000000088400000, 0x0000000088400000| Untracked 
| 115|0x0000000088500000, 0x0000000088500000, 0x0000000088600000|  0%| F|  |TAMS 0x0000000088500000, 0x0000000088500000| Untracked 
| 116|0x0000000088600000, 0x0000000088600000, 0x0000000088700000|  0%| F|  |TAMS 0x0000000088600000, 0x0000000088600000| Untracked 
| 117|0x0000000088700000, 0x0000000088700000, 0x0000000088800000|  0%| F|  |TAMS 0x0000000088700000, 0x0000000088700000| Untracked 
| 118|0x0000000088800000, 0x0000000088800000, 0x0000000088900000|  0%| F|  |TAMS 0x0000000088800000, 0x0000000088800000| Untracked 
| 119|0x0000000088900000, 0x0000000088900000, 0x0000000088a00000|  0%| F|  |TAMS 0x0000000088900000, 0x0000000088900000| Untracked 
| 120|0x0000000088a00000, 0x0000000088a00000, 0x0000000088b00000|  0%| F|  |TAMS 0x0000000088a00000, 0x0000000088a00000| Untracked 
| 121|0x0000000088b00000, 0x0000000088b00000, 0x0000000088c00000|  0%| F|  |TAMS 0x0000000088b00000, 0x0000000088b00000| Untracked 
| 122|0x0000000088c00000, 0x0000000088c4d508, 0x0000000088d00000| 30%| E|  |TAMS 0x0000000088c00000, 0x0000000088c00000| Complete 
| 123|0x0000000088d00000, 0x0000000088e00000, 0x0000000088e00000|100%| E|CS|TAMS 0x0000000088d00000, 0x0000000088d00000| Complete 
| 124|0x0000000088e00000, 0x0000000088f00000, 0x0000000088f00000|100%| E|CS|TAMS 0x0000000088e00000, 0x0000000088e00000| Complete 
| 125|0x0000000088f00000, 0x0000000089000000, 0x0000000089000000|100%| E|CS|TAMS 0x0000000088f00000, 0x0000000088f00000| Complete 
| 126|0x0000000089000000, 0x0000000089100000, 0x0000000089100000|100%| E|CS|TAMS 0x0000000089000000, 0x0000000089000000| Complete 
| 127|0x0000000089100000, 0x0000000089200000, 0x0000000089200000|100%| E|CS|TAMS 0x0000000089100000, 0x0000000089100000| Complete 

Card table byte_map: [0x000001ea3a1f0000,0x000001ea3a5f0000] _byte_map_base: 0x000001ea39de7000

Marking Bits (Prev, Next): (CMBitMap*) 0x000001ea2373bf40, (CMBitMap*) 0x000001ea2373bf08
 Prev Bits: [0x000001ea3c9b0000, 0x000001ea3e968000)
 Next Bits: [0x000001ea3a9f0000, 0x000001ea3c9a8000)

Polling page: 0x000001ea22ed0000

Metaspace:

Usage:
  Non-class:     19.72 MB capacity,    19.30 MB ( 98%) used,   344.91 KB (  2%) free+waste,    84.88 KB ( <1%) overhead. 
      Class:      2.75 MB capacity,     2.38 MB ( 87%) used,   330.39 KB ( 12%) free+waste,    44.75 KB (  2%) overhead. 
       Both:     22.47 MB capacity,    21.68 MB ( 97%) used,   675.30 KB (  3%) free+waste,   129.62 KB ( <1%) overhead. 

Virtual space:
  Non-class space:       20.00 MB reserved,      19.75 MB ( 99%) committed 
      Class space:        1.00 GB reserved,       2.75 MB ( <1%) committed 
             Both:        1.02 GB reserved,      22.50 MB (  2%) committed 

Chunk freelists:
   Non-Class:  4.38 KB
       Class:  0 bytes
        Both:  4.38 KB

CodeHeap 'non-profiled nmethods': size=120064Kb used=646Kb max_used=646Kb free=119417Kb
 bounds [0x000001ea328b0000, 0x000001ea32b20000, 0x000001ea39df0000]
CodeHeap 'profiled nmethods': size=120000Kb used=3750Kb max_used=3750Kb free=116250Kb
 bounds [0x000001ea2b380000, 0x000001ea2b730000, 0x000001ea328b0000]
CodeHeap 'non-nmethods': size=5696Kb used=1135Kb max_used=1150Kb free=4560Kb
 bounds [0x000001ea2adf0000, 0x000001ea2b060000, 0x000001ea2b380000]
 total_blobs=2394 nmethods=1911 adapters=395
 compilation: enabled
              stopped_count=0, restarted_count=0
 full_count=0

Compilation events (10 events):
Event: 6.428 Thread 0x000001ea413f4000 1857       1       java.lang.invoke.StringConcatFactory$Recipe::getElements (5 bytes)
Event: 6.429 Thread 0x000001ea413f4000 nmethod 1857 0x000001ea32949f10 code [0x000001ea3294a0a0, 0x000001ea3294a158]
Event: 6.429 Thread 0x000001ea413f4000 1858       3       java.util.stream.ReferencePipeline::filter (22 bytes)
Event: 6.430 Thread 0x000001ea413f4000 nmethod 1858 0x000001ea2b709310 code [0x000001ea2b709500, 0x000001ea2b709a18]
Event: 6.431 Thread 0x000001ea413f4000 1859       3       java.lang.String::split (7 bytes)
Event: 6.431 Thread 0x000001ea413f4000 nmethod 1859 0x000001ea2b709c10 code [0x000001ea2b709dc0, 0x000001ea2b709ee8]
Event: 6.431 Thread 0x000001ea413f4000 1860       3       java.lang.String::split (324 bytes)
Event: 6.438 Thread 0x000001ea413f4000 nmethod 1860 0x000001ea2b709f90 code [0x000001ea2b70a5c0, 0x000001ea2b70ded8]
Event: 6.442 Thread 0x000001ea413f4000 1862       3       java.util.stream.StreamSupport::stream (19 bytes)
Event: 6.442 Thread 0x000001ea413f4000 nmethod 1862 0x000001ea2b70f390 code [0x000001ea2b70f580, 0x000001ea2b70f988]

GC Heap History (8 events):
Event: 0.778 GC heap before
{Heap before GC invocations=0 (full 0):
 garbage-first heap   total 131072K, used 7168K [0x0000000081200000, 0x0000000100000000)
  region size 1024K, 7 young (7168K), 0 survivors (0K)
 Metaspace       used 7290K, capacity 7385K, committed 7680K, reserved 1056768K
  class space    used 647K, capacity 673K, committed 768K, reserved 1048576K
}
Event: 0.786 GC heap after
{Heap after GC invocations=1 (full 0):
 garbage-first heap   total 131072K, used 2508K [0x0000000081200000, 0x0000000100000000)
  region size 1024K, 1 young (1024K), 1 survivors (1024K)
 Metaspace       used 7290K, capacity 7385K, committed 7680K, reserved 1056768K
  class space    used 647K, capacity 673K, committed 768K, reserved 1048576K
}
Event: 1.842 GC heap before
{Heap before GC invocations=1 (full 0):
 garbage-first heap   total 131072K, used 7628K [0x0000000081200000, 0x0000000100000000)
  region size 1024K, 6 young (6144K), 1 survivors (1024K)
 Metaspace       used 12027K, capacity 12253K, committed 12544K, reserved 1060864K
  class space    used 1137K, capacity 1211K, committed 1280K, reserved 1048576K
}
Event: 1.847 GC heap after
{Heap after GC invocations=2 (full 0):
 garbage-first heap   total 131072K, used 4192K [0x0000000081200000, 0x0000000100000000)
  region size 1024K, 1 young (1024K), 1 survivors (1024K)
 Metaspace       used 12027K, capacity 12253K, committed 12544K, reserved 1060864K
  class space    used 1137K, capacity 1211K, committed 1280K, reserved 1048576K
}
Event: 2.382 GC heap before
{Heap before GC invocations=2 (full 0):
 garbage-first heap   total 131072K, used 13408K [0x0000000081200000, 0x0000000100000000)
  region size 1024K, 11 young (11264K), 1 survivors (1024K)
 Metaspace       used 15051K, capacity 15420K, committed 15488K, reserved 1062912K
  class space    used 1515K, capacity 1663K, committed 1664K, reserved 1048576K
}
Event: 2.386 GC heap after
{Heap after GC invocations=3 (full 0):
 garbage-first heap   total 131072K, used 4811K [0x0000000081200000, 0x0000000100000000)
  region size 1024K, 2 young (2048K), 2 survivors (2048K)
 Metaspace       used 15051K, capacity 15420K, committed 15488K, reserved 1062912K
  class space    used 1515K, capacity 1663K, committed 1664K, reserved 1048576K
}
Event: 4.587 GC heap before
{Heap before GC invocations=3 (full 0):
 garbage-first heap   total 131072K, used 18123K [0x0000000081200000, 0x0000000100000000)
  region size 1024K, 16 young (16384K), 2 survivors (2048K)
 Metaspace       used 20511K, capacity 21138K, committed 21248K, reserved 1069056K
  class space    used 2198K, capacity 2462K, committed 2560K, reserved 1048576K
}
Event: 4.603 GC heap after
{Heap after GC invocations=4 (full 0):
 garbage-first heap   total 131072K, used 6791K [0x0000000081200000, 0x0000000100000000)
  region size 1024K, 3 young (3072K), 3 survivors (3072K)
 Metaspace       used 20511K, capacity 21138K, committed 21248K, reserved 1069056K
  class space    used 2198K, capacity 2462K, committed 2560K, reserved 1048576K
}

Deoptimization events (10 events):
Event: 3.820 Thread 0x000001ea23700800 Uncommon trap: reason=unstable_if action=reinterpret pc=0x000001ea3291c980 method=jdk.internal.org.objectweb.asm.Type.getArgumentsAndReturnSizes(Ljava/lang/String;)I @ 41 c2
Event: 3.871 Thread 0x000001ea23700800 Uncommon trap: reason=class_check action=maybe_recompile pc=0x000001ea328f5b80 method=java.util.HashMap.putVal(ILjava/lang/Object;Ljava/lang/Object;ZZ)Ljava/lang/Object; @ 203 c2
Event: 3.980 Thread 0x000001ea23700800 Uncommon trap: reason=bimorphic_or_optimized_type_check action=maybe_recompile pc=0x000001ea32903a60 method=java.util.HashMap.getNode(ILjava/lang/Object;)Ljava/util/HashMap$Node; @ 126 c2
Event: 3.980 Thread 0x000001ea23700800 Uncommon trap: reason=bimorphic_or_optimized_type_check action=maybe_recompile pc=0x000001ea32903a60 method=java.util.HashMap.getNode(ILjava/lang/Object;)Ljava/util/HashMap$Node; @ 126 c2
Event: 3.983 Thread 0x000001ea23700800 Uncommon trap: reason=bimorphic_or_optimized_type_check action=maybe_recompile pc=0x000001ea328dade8 method=java.util.HashMap.getNode(ILjava/lang/Object;)Ljava/util/HashMap$Node; @ 126 c2
Event: 3.983 Thread 0x000001ea23700800 Uncommon trap: reason=class_check action=maybe_recompile pc=0x000001ea328f5b80 method=java.util.HashMap.putVal(ILjava/lang/Object;Ljava/lang/Object;ZZ)Ljava/lang/Object; @ 203 c2
Event: 3.983 Thread 0x000001ea23700800 Uncommon trap: reason=class_check action=maybe_recompile pc=0x000001ea328f5b80 method=java.util.HashMap.putVal(ILjava/lang/Object;Ljava/lang/Object;ZZ)Ljava/lang/Object; @ 203 c2
Event: 3.984 Thread 0x000001ea23700800 Uncommon trap: reason=class_check action=maybe_recompile pc=0x000001ea328f5b80 method=java.util.HashMap.putVal(ILjava/lang/Object;Ljava/lang/Object;ZZ)Ljava/lang/Object; @ 203 c2
Event: 4.016 Thread 0x000001ea23700800 Uncommon trap: reason=loop_limit_check action=maybe_recompile pc=0x000001ea328ffb18 method=java.lang.StringLatin1.indexOf([BI[BII)I @ 37 c2
Event: 4.634 Thread 0x000001ea23700800 Uncommon trap: reason=unstable_if action=reinterpret pc=0x000001ea3293a480 method=java.io.ByteArrayInputStream.read([BII)I @ 35 c2

Classes redefined (0 events):
No events

Internal exceptions (10 events):
Event: 4.484 Thread 0x000001ea427d4000 Exception <a 'java/net/ConnectException'{0x0000000088323ea8}: Connection refused: connect> (0x0000000088323ea8) thrown at [./open/src/hotspot/share/prims/jni.cpp, line 632]
Event: 4.579 Thread 0x000001ea23700800 Exception <a 'java/lang/NoSuchMethodError'{0x0000000088214490}: java.lang.invoke.DirectMethodHandle$Holder.invokeStatic(Ljava/lang/Object;Ljava/lang/Object;II)Ljava/lang/Object;> (0x0000000088214490) thrown at [./open/src/hotspot/share/interpreter/linkRes
Event: 4.581 Thread 0x000001ea23700800 Exception <a 'java/lang/NoSuchMethodError'{0x000000008821aeb0}: java.lang.invoke.Invokers$Holder.linkToTargetMethod(Ljava/lang/Object;IILjava/lang/Object;)Ljava/lang/Object;> (0x000000008821aeb0) thrown at [./open/src/hotspot/share/interpreter/linkResolve
Event: 4.584 Thread 0x000001ea23700800 Exception <a 'java/lang/NoSuchMethodError'{0x000000008821e330}: java.lang.invoke.DirectMethodHandle$Holder.invokeStatic(Ljava/lang/Object;Ljava/lang/Object;I)V> (0x000000008821e330) thrown at [./open/src/hotspot/share/interpreter/linkResolver.cpp, line 77
Event: 4.701 Thread 0x000001ea427e2000 Exception <a 'java/lang/NoSuchMethodError'{0x000000008904fe80}: java.lang.invoke.DirectMethodHandle$Holder.invokeSpecial(Ljava/lang/Object;Ljava/lang/Object;Ljava/lang/Object;Ljava/lang/Object;I)Ljava/lang/Object;> (0x000000008904fe80) thrown at [./open/s
Event: 4.701 Thread 0x000001ea427e2000 Exception <a 'java/lang/NoSuchMethodError'{0x0000000089053310}: java.lang.invoke.Invokers$Holder.linkToTargetMethod(Ljava/lang/Object;Ljava/lang/Object;ILjava/lang/Object;)Ljava/lang/Object;> (0x0000000089053310) thrown at [./open/src/hotspot/share/interp
Event: 4.736 Thread 0x000001ea427e2000 Exception <a 'java/lang/NoSuchMethodError'{0x00000000890adfb8}: java.lang.invoke.DirectMethodHandle$Holder.invokeSpecial(Ljava/lang/Object;Ljava/lang/Object;Ljava/lang/Object;Ljava/lang/Object;Ljava/lang/Object;)V> (0x00000000890adfb8) thrown at [./open/s
Event: 6.258 Thread 0x000001ea42802800 Exception <a 'java/lang/NoSuchMethodError'{0x0000000088f90d28}: java.lang.invoke.DirectMethodHandle$Holder.invokeStatic(Ljava/lang/Object;Ljava/lang/Object;JLjava/lang/Object;Ljava/lang/Object;Ljava/lang/Object;)Ljava/lang/Object;> (0x0000000088f90d28) th
Event: 6.265 Thread 0x000001ea42802800 Exception <a 'java/lang/NoSuchMethodError'{0x0000000088fb69a8}: java.lang.invoke.DirectMethodHandle$Holder.invokeSpecial(Ljava/lang/Object;Ljava/lang/Object;Ljava/lang/Object;Ljava/lang/Object;Ljava/lang/Object;Ljava/lang/Object;Ljava/lang/Object;)V> (0x0
Event: 6.393 Thread 0x000001ea23700800 Exception <a 'java/lang/NoSuchMethodError'{0x0000000088e1a3d0}: java.lang.invoke.DirectMethodHandle$Holder.invokeSpecialIFC(Ljava/lang/Object;Ljava/lang/Object;Ljava/lang/Object;)Ljava/lang/Object;> (0x0000000088e1a3d0) thrown at [./open/src/hotspot/share

Events (10 events):
Event: 6.410 loading class org/openqa/selenium/internal/Either
Event: 6.410 loading class org/openqa/selenium/internal/Either done
Event: 6.410 loading class org/openqa/selenium/remote/http/HttpResponse
Event: 6.410 loading class org/openqa/selenium/remote/http/HttpResponse done
Event: 6.411 loading class org/openqa/selenium/remote/codec/w3c/W3CHttpCommandCodec
Event: 6.411 loading class org/openqa/selenium/remote/codec/w3c/W3CHttpCommandCodec done
Event: 6.412 loading class org/openqa/selenium/remote/codec/AbstractHttpCommandCodec
Event: 6.412 loading class org/openqa/selenium/remote/codec/AbstractHttpCommandCodec done
Event: 6.414 loading class org/openqa/selenium/remote/codec/AbstractHttpCommandCodec$CommandSpec
Event: 6.414 loading class org/openqa/selenium/remote/codec/AbstractHttpCommandCodec$CommandSpec done


Dynamic libraries:
0x00007ff794c00000 - 0x00007ff794c10000 	C:\Program Files\Java\jdk-11\bin\java.exe
0x00007ffaf7550000 - 0x00007ffaf7748000 	C:\WINDOWS\SYSTEM32\ntdll.dll
0x00007ffaf69c0000 - 0x00007ffaf6a7d000 	C:\WINDOWS\System32\KERNEL32.DLL
0x00007ffaf4d40000 - 0x00007ffaf5036000 	C:\WINDOWS\System32\KERNELBASE.dll
0x00007ffaf5440000 - 0x00007ffaf5540000 	C:\WINDOWS\System32\ucrtbase.dll
0x00007ffae5310000 - 0x00007ffae5329000 	C:\Program Files\Java\jdk-11\bin\jli.dll
0x00007ffaf6df0000 - 0x00007ffaf6ea0000 	C:\WINDOWS\System32\ADVAPI32.dll
0x00007ffaf5590000 - 0x00007ffaf562e000 	C:\WINDOWS\System32\msvcrt.dll
0x00007ffaf70b0000 - 0x00007ffaf7150000 	C:\WINDOWS\System32\sechost.dll
0x00007ffaf6720000 - 0x00007ffaf6843000 	C:\WINDOWS\System32\RPCRT4.dll
0x00007ffaf5040000 - 0x00007ffaf5067000 	C:\WINDOWS\System32\bcrypt.dll
0x00007ffaf5690000 - 0x00007ffaf582f000 	C:\WINDOWS\System32\USER32.dll
0x00007ffaf51d0000 - 0x00007ffaf51f2000 	C:\WINDOWS\System32\win32u.dll
0x00007ffaf5830000 - 0x00007ffaf585b000 	C:\WINDOWS\System32\GDI32.dll
0x00007ffaf5200000 - 0x00007ffaf5317000 	C:\WINDOWS\System32\gdi32full.dll
0x00007ffaf4ca0000 - 0x00007ffaf4d3d000 	C:\WINDOWS\System32\msvcp_win.dll
0x00007ffae52f0000 - 0x00007ffae530b000 	C:\Program Files\Java\jdk-11\bin\VCRUNTIME140.dll
0x00007ffad3fc0000 - 0x00007ffad425a000 	C:\WINDOWS\WinSxS\amd64_microsoft.windows.common-controls_6595b64144ccf1df_6.0.19041.4355_none_60b8b9eb71f62e16\COMCTL32.dll
0x00007ffae91f0000 - 0x00007ffae91fa000 	C:\WINDOWS\SYSTEM32\VERSION.dll
0x00007ffaf66f0000 - 0x00007ffaf671f000 	C:\WINDOWS\System32\IMM32.DLL
0x00007ffae5920000 - 0x00007ffae592c000 	C:\Program Files\Java\jdk-11\bin\vcruntime140_1.dll
0x00007ffae5260000 - 0x00007ffae52ee000 	C:\Program Files\Java\jdk-11\bin\msvcp140.dll
0x00007ffaa1150000 - 0x00007ffaa1cae000 	C:\Program Files\Java\jdk-11\bin\server\jvm.dll
0x00007ffaf7470000 - 0x00007ffaf7478000 	C:\WINDOWS\System32\PSAPI.DLL
0x00007ffae4ab0000 - 0x00007ffae4ab9000 	C:\WINDOWS\SYSTEM32\WSOCK32.dll
0x00007ffaf74a0000 - 0x00007ffaf750b000 	C:\WINDOWS\System32\WS2_32.dll
0x00007ffae78e0000 - 0x00007ffae7907000 	C:\WINDOWS\SYSTEM32\WINMM.dll
0x00007ffaf3690000 - 0x00007ffaf36a2000 	C:\WINDOWS\SYSTEM32\kernel.appcore.dll
0x00007ffae5250000 - 0x00007ffae5260000 	C:\Program Files\Java\jdk-11\bin\verify.dll
0x00007ffae8f80000 - 0x00007ffae9164000 	C:\WINDOWS\SYSTEM32\DBGHELP.DLL
0x00007ffae8f40000 - 0x00007ffae8f74000 	C:\WINDOWS\SYSTEM32\dbgcore.DLL
0x00007ffaf4c10000 - 0x00007ffaf4c92000 	C:\WINDOWS\System32\bcryptPrimitives.dll
0x00007ffae5220000 - 0x00007ffae5248000 	C:\Program Files\Java\jdk-11\bin\java.dll
0x00007ffae5210000 - 0x00007ffae521a000 	C:\Program Files\Java\jdk-11\bin\jimage.dll
0x00007ffaf1f30000 - 0x00007ffaf1f3e000 	C:\Program Files\Java\jdk-11\bin\instrument.dll
0x00007ffae51f0000 - 0x00007ffae5207000 	C:\Program Files\Java\jdk-11\bin\zip.dll
0x00007ffaf58c0000 - 0x00007ffaf602c000 	C:\WINDOWS\System32\SHELL32.dll
0x00007ffaf2ba0000 - 0x00007ffaf333d000 	C:\WINDOWS\SYSTEM32\windows.storage.dll
0x00007ffaf6a90000 - 0x00007ffaf6de3000 	C:\WINDOWS\System32\combase.dll
0x00007ffaf4630000 - 0x00007ffaf465e000 	C:\WINDOWS\SYSTEM32\Wldp.dll
0x00007ffaf7150000 - 0x00007ffaf721d000 	C:\WINDOWS\System32\OLEAUT32.dll
0x00007ffaf6850000 - 0x00007ffaf68fd000 	C:\WINDOWS\System32\SHCORE.dll
0x00007ffaf7050000 - 0x00007ffaf70a5000 	C:\WINDOWS\System32\shlwapi.dll
0x00007ffaf4b40000 - 0x00007ffaf4b64000 	C:\WINDOWS\SYSTEM32\profapi.dll
0x00007ffae5090000 - 0x00007ffae50a9000 	C:\Program Files\Java\jdk-11\bin\net.dll
0x00007ffae7c80000 - 0x00007ffae7d8a000 	C:\WINDOWS\SYSTEM32\WINHTTP.dll
0x00007ffaf4390000 - 0x00007ffaf43fa000 	C:\WINDOWS\system32\mswsock.dll
0x00007ffaca240000 - 0x00007ffaca252000 	C:\Program Files\Java\jdk-11\bin\nio.dll
0x00007ffaef8f0000 - 0x00007ffaef90a000 	C:\Program Files\JetBrains\IntelliJ IDEA Community Edition 2023.3.7\bin\breakgen64.dll
0x00007ffaf4580000 - 0x00007ffaf4598000 	C:\WINDOWS\SYSTEM32\CRYPTSP.dll
0x00007ffaf3c40000 - 0x00007ffaf3c74000 	C:\WINDOWS\system32\rsaenh.dll
0x00007ffaf4ab0000 - 0x00007ffaf4ade000 	C:\WINDOWS\SYSTEM32\USERENV.dll
0x00007ffaf45a0000 - 0x00007ffaf45ac000 	C:\WINDOWS\SYSTEM32\CRYPTBASE.dll
0x00007ffaf4020000 - 0x00007ffaf405b000 	C:\WINDOWS\SYSTEM32\IPHLPAPI.DLL
0x00007ffaf69b0000 - 0x00007ffaf69b8000 	C:\WINDOWS\System32\NSI.dll
0x00007ffae7eb0000 - 0x00007ffae7ec7000 	C:\WINDOWS\SYSTEM32\dhcpcsvc6.DLL
0x00007ffae7ef0000 - 0x00007ffae7f0d000 	C:\WINDOWS\SYSTEM32\dhcpcsvc.DLL
0x00007ffaf4060000 - 0x00007ffaf412a000 	C:\WINDOWS\SYSTEM32\DNSAPI.dll
0x00000000609b0000 - 0x00000000609d6000 	C:\Program Files\Bonjour\mdnsNSP.dll
0x00007ffae77f0000 - 0x00007ffae77fa000 	C:\Windows\System32\rasadhlp.dll
0x00007ffae5950000 - 0x00007ffae59d0000 	C:\WINDOWS\System32\fwpuclnt.dll
0x00007ffae9260000 - 0x00007ffae9287000 	C:\Program Files\Java\jdk-11\bin\sunec.dll

dbghelp: loaded successfully - version: 4.0.5 - missing functions: none
symbol engine: initialized successfully - sym options: 0x614 - pdb path: .;C:\Program Files\Java\jdk-11\bin;C:\WINDOWS\SYSTEM32;C:\WINDOWS\WinSxS\amd64_microsoft.windows.common-controls_6595b64144ccf1df_6.0.19041.4355_none_60b8b9eb71f62e16;C:\Program Files\Java\jdk-11\bin\server;C:\Program Files\JetBrains\IntelliJ IDEA Community Edition 2023.3.7\bin;C:\Program Files\Bonjour

VM Arguments:
jvm_args: -ea -Didea.test.cyclic.buffer.size=1048576 -javaagent:C:\Program Files\JetBrains\IntelliJ IDEA Community Edition 2023.3.7\lib\idea_rt.jar=55737:C:\Program Files\JetBrains\IntelliJ IDEA Community Edition 2023.3.7\bin -Dfile.encoding=UTF-8 
java_command: com.intellij.rt.testng.RemoteTestNGStarter -usedefaultlisteners false -socket55736 @w@C:\Users\Agent\AppData\Local\Temp\idea_working_dirs_testng.tmp -temp C:\Users\Agent\AppData\Local\Temp\idea_testng.tmp
java_class_path (initial): C:\Program Files\JetBrains\IntelliJ IDEA Community Edition 2023.3.7\lib\idea_rt.jar;C:\Program Files\JetBrains\IntelliJ IDEA Community Edition 2023.3.7\plugins\testng\lib\testng-rt.jar;C:\JavaProjects\Aston\lessons\lesson15\lesson15_2\target\test-classes;C:\JavaProjects\Aston\lessons\lesson15\lesson15_2\target\classes;C:\Users\Agent\.m2\repository\org\seleniumhq\selenium\selenium-java\4.22.0\selenium-java-4.22.0.jar;C:\Users\Agent\.m2\repository\org\seleniumhq\selenium\selenium-api\4.22.0\selenium-api-4.22.0.jar;C:\Users\Agent\.m2\repository\org\seleniumhq\selenium\selenium-devtools-v124\4.22.0\selenium-devtools-v124-4.22.0.jar;C:\Users\Agent\.m2\repository\org\seleniumhq\selenium\selenium-devtools-v125\4.22.0\selenium-devtools-v125-4.22.0.jar;C:\Users\Agent\.m2\repository\org\seleniumhq\selenium\selenium-devtools-v126\4.22.0\selenium-devtools-v126-4.22.0.jar;C:\Users\Agent\.m2\repository\org\seleniumhq\selenium\selenium-devtools-v85\4.22.0\selenium-devtools-v85-4.22.0.jar;C:\Users\Agent\.m2\repository\org\seleniumhq\selenium\selenium-edge-driver\4.22.0\selenium-edge-driver-4.22.0.jar;C:\Users\Agent\.m2\repository\org\seleniumhq\selenium\selenium-firefox-driver\4.22.0\selenium-firefox-driver-4.22.0.jar;C:\Users\Agent\.m2\repository\org\seleniumhq\selenium\selenium-http\4.22.0\selenium-http-4.22.0.jar;C:\Users\Agent\.m2\repository\dev\failsafe\failsafe\3.3.2\failsafe-3.3.2.jar;C:\Users\Agent\.m2\repository\org\seleniumhq\selenium\selenium-ie-driver\4.22.0\selenium-ie-driver-4.22.0.jar;C:\Users\Agent\.m2\repository\org\seleniumhq\selenium\selenium-remote-driver\4.22.0\selenium-remote-driver-4.22.0.jar;C:\Users\Agent\.m2\repository\com\google\guava\guava\33.2.1-jre\guava-33.2.1-jre.jar;C:\Users\Agent\.m2\repository\com\google\guava\failureaccess\1.0.2\failureaccess-1.0.2.jar;C:\Users\Agent\.m2\repository\com\google\guava\listenablefuture\9999.0-empty-to-avoid-conflict-with-guava\listenablefuture-9999.0-empty-to-avoid-conflict-with-guava.jar
Launcher Type: SUN_STANDARD

[Global flags]
     intx CICompilerCount                          = 2                                         {product} {ergonomic}
     uint ConcGCThreads                            = 1                                         {product} {ergonomic}
     uint G1ConcRefinementThreads                  = 2                                         {product} {ergonomic}
   size_t G1HeapRegionSize                         = 1048576                                   {product} {ergonomic}
    uintx GCDrainStackTargetSize                   = 64                                        {product} {ergonomic}
   size_t InitialHeapSize                          = 134217728                                 {product} {ergonomic}
   size_t MarkStackSize                            = 4194304                                   {product} {ergonomic}
   size_t MaxHeapSize                              = 2128609280                                {product} {ergonomic}
   size_t MaxNewSize                               = 1277165568                                {product} {ergonomic}
   size_t MinHeapDeltaBytes                        = 1048576                                   {product} {ergonomic}
    uintx NonNMethodCodeHeapSize                   = 5825164                                {pd product} {ergonomic}
    uintx NonProfiledCodeHeapSize                  = 122916538                              {pd product} {ergonomic}
    uintx ProfiledCodeHeapSize                     = 122916538                              {pd product} {ergonomic}
    uintx ReservedCodeCacheSize                    = 251658240                              {pd product} {ergonomic}
     bool SegmentedCodeCache                       = true                                      {product} {ergonomic}
     bool UseCompressedClassPointers               = true                                 {lp64_product} {ergonomic}
     bool UseCompressedOops                        = true                                 {lp64_product} {ergonomic}
     bool UseG1GC                                  = true                                      {product} {ergonomic}
     bool UseLargePagesIndividualAllocation        = false                                  {pd product} {ergonomic}

Logging:
Log output configuration:
 #0: stdout all=warning uptime,level,tags
 #1: stderr all=off uptime,level,tags

Environment Variables:
JAVA_HOME=C:\Program Files\Java\jdk-11
PATH=C:\Oracle\dbhomeXE\bin;C:\Program Files\Java\jdk-11\bin;C:\WINDOWS\system32;C:\WINDOWS;C:\WINDOWS\System32\Wbem;C:\WINDOWS\System32\WindowsPowerShell\v1.0\;C:\Program Files (x86)\Skype\Phone\;C:\WINDOWS\System32\OpenSSH\;C:\Program Files\Microsoft SQL Server\Client SDK\ODBC\170\Tools\Binn\;C:\Program Files\Java\jdk-11\bin;C:\Program Files\Git\cmd;C:\Program Files\Git;C:\Oracle\dbhomeXE\bin;C:\Program Files\Java\jdk-11\bin;C:\WINDOWS\system32;C:\WINDOWS;C:\WINDOWS\System32\Wbem;C:\WINDOWS\System32\WindowsPowerShell\v1.0\;C:\Program Files (x86)\Skype\Phone\;C:\WINDOWS\System32\OpenSSH\;C:\Program Files\Microsoft SQL Server\Client SDK\ODBC\170\Tools\Binn\;C:\Program Files\Java\jdk-11\bin;C:\Program Files\Git\cmd;C:\Program Files\Git;C:\Users\Agent\AppData\Local\Microsoft\WindowsApps;;C:\Program Files\JetBrains\IntelliJ IDEA Community Edition 2023.3.7\bin;;C:\Program Files\JetBrains\IntelliJ IDEA 2023.3.7\bin;;C:\Users\Agent\AppData\Local\Programs\Microsoft VS Code\bin;C:\drivers\ChromeWebDriver\
USERNAME=Agent
OS=Windows_NT
PROCESSOR_IDENTIFIER=Intel64 Family 6 Model 60 Stepping 3, GenuineIntel



---------------  S Y S T E M  ---------------

OS: Windows 10 , 64 bit Build 19041 (10.0.19041.3636)

CPU:total 2 (initial active 2) (2 cores per cpu, 1 threads per core) family 6 model 60 stepping 3 microcode 0x27, cmov, cx8, fxsr, mmx, sse, sse2, sse3, ssse3, sse4.1, sse4.2, popcnt, clmul, erms, lzcnt, tsc, tscinvbit

Memory: 4k page, system-wide physical 8116M (1563M free)
TotalPageFile size 12616M (AvailPageFile size 0M)
current process WorkingSet (physical memory assigned to process): 93M, peak: 93M
current process commit charge ("private bytes"): 226M, peak: 226M

vm_info: Java HotSpot(TM) 64-Bit Server VM (11.0.23+7-LTS-222) for windows-amd64 JRE (11.0.23+7-LTS-222), built on Mar 11 2024 22:13:52 by "mach5one" with MS VC++ 17.6 (VS2022)

END.
